A51 MACRO ASSEMBLER  INIT                                                                 11/11/2018 15:33:38 PAGE     1


MACRO ASSEMBLER A51 V8.2.7.0
OBJECT MODULE PLACED IN .\Objects\init.obj
ASSEMBLER INVOKED BY: C:\Keil_v5\C51\BIN\A51.EXE init.a51 SET(SMALL) DEBUG PRINT(.\Listings\init.lst) OBJECT(.\Objects\i
                      nit.obj) EP

LOC  OBJ            LINE     SOURCE

                       1     $nomod51 
                       2     ;#include <Reg517a.inc>
                +1     3     ;-------------------------------------------------------------------------------
                +1     4     ; Copyright 1995-1996 KEIL Software, Inc.
                +1     5     ; 80517A Processor Declarations
                +1     6     ;-------------------------------------------------------------------------------
                +1     7  +1 $save 
                +1   199  +1 $restore 
                +1   200     
                     201     
                     202     
                     203     ;NAME init
                     204     ;PUBLIC init
                     205             
                     206     EXTRN CODE (scheduler)
                     207             
                     208             
                     209             ;define process status values
  0000               210             statusNotRunning equ 0
  0001               211             statusStartReq equ 1
  0002               212             statusRunning equ 2
                     213                     
0000                 214             org 0
0000 020000   F      215             jmp start
                     216             
                     217     
                     218     
                     219     
                     220     
                     221     
                     222     
                     223     
                     224     
                     225     
                     226     
                     227     
                     228     
                     229     
                     230     
                     231             
                     232             programCode SEGMENT CODE
----                 233                     RSEG programCode
                     234             
0000                 235     start:  
                     236             
                     237             ;set default values for process control
                     238             ;set console as first process to start
0000 752B00          239             mov 0x2b,#0     ;so the scheduler knows which process was running (console is start
                             ed by hand as first)                 ;2+1%3 = 0 ==> id of console process
                     240             
                     241             ;process status [cons,a,b]
0003 752C02          242             mov 0x2c,#statusRunning
0006 752D00          243             mov 0x2d,#statusNotRunning
0009 752E00          244             mov 0x2e,#statusNotRunning
                     245             
                     246             ;next adress [cons,a,b]
000C 752F00          247             mov 0x2f,#0;#consoleProcess causes improper fixup error
A51 MACRO ASSEMBLER  INIT                                                                 11/11/2018 15:33:38 PAGE     2

000F 753000          248             mov 0x30,#0
0012 753100          249             mov 0x31,#0     
0015 753200          250             mov 0x32,#0     
0018 753300          251             mov 0x33,#0     
001B 753400          252             mov 0x34,#0     
                     253                     
                     254             ;save area for registers
                     255             ;set default stack pointers to 0x07
001E 753F07          256             mov 0x3f,#7
0021 755707          257             mov 0x57,#7
0024 756F07          258             mov 0x6f,#7; checken ob das passt, wegen doofer rechnung vorher
                     259             
0027 120000   F      260             call scheduler
                     261             
                     262             end
A51 MACRO ASSEMBLER  INIT                                                                 11/11/2018 15:33:38 PAGE     3

SYMBOL TABLE LISTING
------ ----- -------


N A M E             T Y P E  V A L U E   ATTRIBUTES

AC . . . . . . . .  B ADDR   00D0H.6 A   
ACC. . . . . . . .  D ADDR   00E0H   A   
ADCON0 . . . . . .  D ADDR   00D8H   A   
ADCON1 . . . . . .  D ADDR   00DCH   A   
ADDATH . . . . . .  D ADDR   00D9H   A   
ADDATL . . . . . .  D ADDR   00DAH   A   
ADEX . . . . . . .  B ADDR   00D8H.5 A   
ADM. . . . . . . .  B ADDR   00D8H.3 A   
ARCON. . . . . . .  D ADDR   00EFH   A   
B. . . . . . . . .  D ADDR   00F0H   A   
BD . . . . . . . .  B ADDR   00D8H.7 A   
BSY. . . . . . . .  B ADDR   00D8H.4 A   
CC4EN. . . . . . .  D ADDR   00C9H   A   
CCEN . . . . . . .  D ADDR   00C1H   A   
CCH1 . . . . . . .  D ADDR   00C3H   A   
CCH2 . . . . . . .  D ADDR   00C5H   A   
CCH3 . . . . . . .  D ADDR   00C7H   A   
CCH4 . . . . . . .  D ADDR   00CFH   A   
CCL1 . . . . . . .  D ADDR   00C2H   A   
CCL2 . . . . . . .  D ADDR   00C4H   A   
CCL3 . . . . . . .  D ADDR   00C6H   A   
CCL4 . . . . . . .  D ADDR   00CEH   A   
CLK. . . . . . . .  B ADDR   00D8H.6 A   
CLRMSK . . . . . .  D ADDR   00A6H   A   
CMEN . . . . . . .  D ADDR   00F6H   A   
CMH0 . . . . . . .  D ADDR   00D3H   A   
CMH1 . . . . . . .  D ADDR   00D5H   A   
CMH2 . . . . . . .  D ADDR   00D7H   A   
CMH3 . . . . . . .  D ADDR   00E3H   A   
CMH4 . . . . . . .  D ADDR   00E5H   A   
CMH5 . . . . . . .  D ADDR   00E7H   A   
CMH6 . . . . . . .  D ADDR   00F3H   A   
CMH7 . . . . . . .  D ADDR   00F5H   A   
CML0 . . . . . . .  D ADDR   00D2H   A   
CML1 . . . . . . .  D ADDR   00D4H   A   
CML2 . . . . . . .  D ADDR   00D6H   A   
CML3 . . . . . . .  D ADDR   00E2H   A   
CML4 . . . . . . .  D ADDR   00E4H   A   
CML5 . . . . . . .  D ADDR   00E6H   A   
CML6 . . . . . . .  D ADDR   00F2H   A   
CML7 . . . . . . .  D ADDR   00F4H   A   
CMSEL. . . . . . .  D ADDR   00F7H   A   
COMCLRH. . . . . .  D ADDR   00A4H   A   
COMCLRL. . . . . .  D ADDR   00A3H   A   
COMSETH. . . . . .  D ADDR   00A2H   A   
COMSETL. . . . . .  D ADDR   00A1H   A   
CRCH . . . . . . .  D ADDR   00CBH   A   
CRCL . . . . . . .  D ADDR   00CAH   A   
CTCON. . . . . . .  D ADDR   00E1H   A   
CTRELH . . . . . .  D ADDR   00DFH   A   
CTRELL . . . . . .  D ADDR   00DEH   A   
CY . . . . . . . .  B ADDR   00D0H.7 A   
DPH. . . . . . . .  D ADDR   0083H   A   
DPL. . . . . . . .  D ADDR   0082H   A   
DPSEL. . . . . . .  D ADDR   0092H   A   
EADC . . . . . . .  B ADDR   00B8H.0 A   
EAL. . . . . . . .  B ADDR   00A8H.7 A   
ES . . . . . . . .  B ADDR   00A8H.4 A   
ET0. . . . . . . .  B ADDR   00A8H.1 A   
ET1. . . . . . . .  B ADDR   00A8H.3 A   
A51 MACRO ASSEMBLER  INIT                                                                 11/11/2018 15:33:38 PAGE     4

ET2. . . . . . . .  B ADDR   00A8H.5 A   
EX0. . . . . . . .  B ADDR   00A8H.0 A   
EX1. . . . . . . .  B ADDR   00A8H.2 A   
EX2. . . . . . . .  B ADDR   00B8H.1 A   
EX3. . . . . . . .  B ADDR   00B8H.2 A   
EX4. . . . . . . .  B ADDR   00B8H.3 A   
EX5. . . . . . . .  B ADDR   00B8H.4 A   
EX6. . . . . . . .  B ADDR   00B8H.5 A   
EXEN2. . . . . . .  B ADDR   00B8H.7 A   
EXF2 . . . . . . .  B ADDR   00C0H.7 A   
F0 . . . . . . . .  B ADDR   00D0H.5 A   
F1 . . . . . . . .  B ADDR   00D0H.1 A   
I2FR . . . . . . .  B ADDR   00C8H.5 A   
I3FR . . . . . . .  B ADDR   00C8H.6 A   
IADC . . . . . . .  B ADDR   00C0H.0 A   
IE0. . . . . . . .  B ADDR   0088H.1 A   
IE1. . . . . . . .  B ADDR   0088H.3 A   
IEN0 . . . . . . .  D ADDR   00A8H   A   
IEN1 . . . . . . .  D ADDR   00B8H   A   
IEN2 . . . . . . .  D ADDR   009AH   A   
IEX2 . . . . . . .  B ADDR   00C0H.1 A   
IEX3 . . . . . . .  B ADDR   00C0H.2 A   
IEX4 . . . . . . .  B ADDR   00C0H.3 A   
IEX5 . . . . . . .  B ADDR   00C0H.4 A   
IEX6 . . . . . . .  B ADDR   00C0H.5 A   
INT0 . . . . . . .  B ADDR   00B0H.2 A   
INT1 . . . . . . .  B ADDR   00B0H.3 A   
IP0. . . . . . . .  D ADDR   00A9H   A   
IP1. . . . . . . .  D ADDR   00B9H   A   
IRCON. . . . . . .  D ADDR   00C0H   A   
IRCON1 . . . . . .  D ADDR   00D1H   A   
IT0. . . . . . . .  B ADDR   0088H.0 A   
IT1. . . . . . . .  B ADDR   0088H.2 A   
MD0. . . . . . . .  D ADDR   00E9H   A   
MD1. . . . . . . .  D ADDR   00EAH   A   
MD2. . . . . . . .  D ADDR   00EBH   A   
MD3. . . . . . . .  D ADDR   00ECH   A   
MD4. . . . . . . .  D ADDR   00EDH   A   
MD5. . . . . . . .  D ADDR   00EEH   A   
MX0. . . . . . . .  B ADDR   00D8H.0 A   
MX1. . . . . . . .  B ADDR   00D8H.1 A   
MX2. . . . . . . .  B ADDR   00D8H.2 A   
OV . . . . . . . .  B ADDR   00D0H.2 A   
P. . . . . . . . .  B ADDR   00D0H.0 A   
P0 . . . . . . . .  D ADDR   0080H   A   
P1 . . . . . . . .  D ADDR   0090H   A   
P2 . . . . . . . .  D ADDR   00A0H   A   
P3 . . . . . . . .  D ADDR   00B0H   A   
P4 . . . . . . . .  D ADDR   00E8H   A   
P5 . . . . . . . .  D ADDR   00F8H   A   
P6 . . . . . . . .  D ADDR   00FAH   A   
P7 . . . . . . . .  D ADDR   00DBH   A   
P8 . . . . . . . .  D ADDR   00DDH   A   
PCON . . . . . . .  D ADDR   0087H   A   
PROGRAMCODE. . . .  C SEG    002AH       REL=UNIT
PSW. . . . . . . .  D ADDR   00D0H   A   
RB80 . . . . . . .  B ADDR   0098H.2 A   
RD . . . . . . . .  B ADDR   00B0H.7 A   
REN0 . . . . . . .  B ADDR   0098H.4 A   
RI0. . . . . . . .  B ADDR   0098H.0 A   
RS0. . . . . . . .  B ADDR   00D0H.3 A   
RS1. . . . . . . .  B ADDR   00D0H.4 A   
RXD. . . . . . . .  B ADDR   00B0H.0 A   
S0BUF. . . . . . .  D ADDR   0099H   A   
S0CON. . . . . . .  D ADDR   0098H   A   
S0RELH . . . . . .  D ADDR   00BAH   A   
A51 MACRO ASSEMBLER  INIT                                                                 11/11/2018 15:33:38 PAGE     5

S0RELL . . . . . .  D ADDR   00AAH   A   
S1BUF. . . . . . .  D ADDR   009CH   A   
S1CON. . . . . . .  D ADDR   009BH   A   
S1RELH . . . . . .  D ADDR   00BBH   A   
S1RELL . . . . . .  D ADDR   009DH   A   
SCHEDULER. . . . .  C ADDR   -----       EXT
SETMSK . . . . . .  D ADDR   00A5H   A   
SM0. . . . . . . .  B ADDR   0098H.7 A   
SM1. . . . . . . .  B ADDR   0098H.6 A   
SM20 . . . . . . .  B ADDR   0098H.5 A   
SP . . . . . . . .  D ADDR   0081H   A   
START. . . . . . .  C ADDR   0000H   R   SEG=PROGRAMCODE
STATUSNOTRUNNING .  N NUMB   0000H   A   
STATUSRUNNING. . .  N NUMB   0002H   A   
STATUSSTARTREQ . .  N NUMB   0001H   A   
SWDT . . . . . . .  B ADDR   00B8H.6 A   
SYSCON . . . . . .  D ADDR   00B1H   A   
T0 . . . . . . . .  B ADDR   00B0H.4 A   
T1 . . . . . . . .  B ADDR   00B0H.5 A   
T2CM . . . . . . .  B ADDR   00C8H.2 A   
T2CON. . . . . . .  D ADDR   00C8H   A   
T2I0 . . . . . . .  B ADDR   00C8H.0 A   
T2I1 . . . . . . .  B ADDR   00C8H.1 A   
T2PS . . . . . . .  B ADDR   00C8H.7 A   
T2R0 . . . . . . .  B ADDR   00C8H.3 A   
T2R1 . . . . . . .  B ADDR   00C8H.4 A   
TB80 . . . . . . .  B ADDR   0098H.3 A   
TCON . . . . . . .  D ADDR   0088H   A   
TF0. . . . . . . .  B ADDR   0088H.5 A   
TF1. . . . . . . .  B ADDR   0088H.7 A   
TF2. . . . . . . .  B ADDR   00C0H.6 A   
TH0. . . . . . . .  D ADDR   008CH   A   
TH1. . . . . . . .  D ADDR   008DH   A   
TH2. . . . . . . .  D ADDR   00CDH   A   
TI0. . . . . . . .  B ADDR   0098H.1 A   
TL0. . . . . . . .  D ADDR   008AH   A   
TL1. . . . . . . .  D ADDR   008BH   A   
TL2. . . . . . . .  D ADDR   00CCH   A   
TMOD . . . . . . .  D ADDR   0089H   A   
TR0. . . . . . . .  B ADDR   0088H.4 A   
TR1. . . . . . . .  B ADDR   0088H.6 A   
TXD. . . . . . . .  B ADDR   00B0H.1 A   
WDT. . . . . . . .  B ADDR   00A8H.6 A   
WDTH . . . . . . .  D ADDR   0085H   A   
WDTL . . . . . . .  D ADDR   0084H   A   
WDTREL . . . . . .  D ADDR   0086H   A   
WR . . . . . . . .  B ADDR   00B0H.6 A   
XPAGE. . . . . . .  D ADDR   0091H   A   


REGISTER BANK(S) USED: 0 


ASSEMBLY COMPLETE.  0 WARNING(S), 0 ERROR(S)
