A51 MACRO ASSEMBLER  PROC_B                                                               11/11/2018 18:30:02 PAGE     1


MACRO ASSEMBLER A51 V8.2.7.0
OBJECT MODULE PLACED IN .\Objects\proc_b.obj
ASSEMBLER INVOKED BY: C:\Keil_v5\C51\BIN\A51.EXE proc_b.a51 SET(SMALL) DEBUG PRINT(.\Listings\proc_b.lst) OBJECT(.\Objec
                      ts\proc_b.obj) EP

LOC  OBJ            LINE     SOURCE

                       1     $nomod51 
                       2     ;#include <Reg517a.inc>
                +1     3     ;-------------------------------------------------------------------------------
                +1     4     ; Copyright 1995-1996 KEIL Software, Inc.
                +1     5     ; 80517A Processor Declarations
                +1     6     ;-------------------------------------------------------------------------------
                +1     7  +1 $save 
                +1   199  +1 $restore 
                +1   200     
                     201     
                     202     
                     203     NAME processB
                     204     PUBLIC processB
                     205             
                     206             ;define process status values
  0000               207             statusNotRunning equ 0
  0001               208             statusStartReq equ 1
  0002               209             statusRunning equ 2     
                     210             
                     211             ;serial0 values
  0000               212             serialNotBlocked equ 0
  0001               213             serialBlocked equ 1
                     214             
                     215     processBSegment SEGMENT CODE
                     216             ; switch to the created relocatable segment
----                 217             RSEG processBSegment    
                     218             
0000                 219             org 0000h       
                     220                     
                     221     ;do random stuff
0000                 222     processB:
                     223     
                     224             ;prepare timer
0000 D2AF            225             setb eal
                     226     ;       setb et0
                     227             
                     228             ;configuring timer for 0.75 seconds
0002 758C00          229             mov th0,#0
0005 758A00          230             mov tl0,#0
                     231             
                     232             ;15 cuz on timer runs 0,065536s
0008 79A8            233             mov r1,#0xa8
                     234     
                     235             ;starting timer
000A D28C            236             setb tr0
                     237             
                     238             
000C                 239     checktf:
000C D2AE            240             setb wdt
000E D2BE            241             setb swdt
0010 308DF9          242             jnb tf0,checktf
                     243     ;       clr tf0
                     244     ;       setb tr0
0013 C28D            245             clr tf0
0015 D9F5            246             djnz r1,checktf
                     247             
0017                 248             waitForSerial:
A51 MACRO ASSEMBLER  PROC_B                                                               11/11/2018 18:30:02 PAGE     2

0017 E58F            249                     mov A,0x8f
0019 70FC            250                     jnz     waitForSerial
001B 758F01          251                     mov 0x8f,#serialBlocked
001E 75992A          252             mov s0buf,#42
0021 439801          253             orl s0con,#00000001b
0024                 254             waitNextSend:   
                     255                     ;wartet bis bit abgesendet
0024 E598            256                     mov A,s0con
0026 30E0FB          257                     jnb acc.0,waitNextSend
0029 5398FC          258                     anl s0con,#11111100b                    ;reset transmitter and receiver int
                             errupt flag
002C 758F00          259                     mov 0x8f,#serialNotBlocked
                     260             
                     261             ;mark proc_b as done
002F 80CF            262             jmp processB
                     263     ;       mov 0x2e,#statusNotRunning
0031                 264     endloop:
0031 00              265             nop
0032 D2AE            266             setb wdt
0034 D2BE            267             setb swdt
0036 80F9            268             jmp endloop
                     269             
0038 22              270             ret
                     271     
0039                 272     tihandler:
0039 19              273             dec r1
003A D9D0            274             djnz r1,checktf
                     275             
003C 7B11            276             mov r3,#11h             
                     277             
                     278     
                     279             end
A51 MACRO ASSEMBLER  PROC_B                                                               11/11/2018 18:30:02 PAGE     3

SYMBOL TABLE LISTING
------ ----- -------


N A M E             T Y P E  V A L U E   ATTRIBUTES

AC . . . . . . . .  B ADDR   00D0H.6 A   
ACC. . . . . . . .  D ADDR   00E0H   A   
ADCON0 . . . . . .  D ADDR   00D8H   A   
ADCON1 . . . . . .  D ADDR   00DCH   A   
ADDATH . . . . . .  D ADDR   00D9H   A   
ADDATL . . . . . .  D ADDR   00DAH   A   
ADEX . . . . . . .  B ADDR   00D8H.5 A   
ADM. . . . . . . .  B ADDR   00D8H.3 A   
ARCON. . . . . . .  D ADDR   00EFH   A   
B. . . . . . . . .  D ADDR   00F0H   A   
BD . . . . . . . .  B ADDR   00D8H.7 A   
BSY. . . . . . . .  B ADDR   00D8H.4 A   
CC4EN. . . . . . .  D ADDR   00C9H   A   
CCEN . . . . . . .  D ADDR   00C1H   A   
CCH1 . . . . . . .  D ADDR   00C3H   A   
CCH2 . . . . . . .  D ADDR   00C5H   A   
CCH3 . . . . . . .  D ADDR   00C7H   A   
CCH4 . . . . . . .  D ADDR   00CFH   A   
CCL1 . . . . . . .  D ADDR   00C2H   A   
CCL2 . . . . . . .  D ADDR   00C4H   A   
CCL3 . . . . . . .  D ADDR   00C6H   A   
CCL4 . . . . . . .  D ADDR   00CEH   A   
CHECKTF. . . . . .  C ADDR   000CH   R   SEG=PROCESSBSEGMENT
CLK. . . . . . . .  B ADDR   00D8H.6 A   
CLRMSK . . . . . .  D ADDR   00A6H   A   
CMEN . . . . . . .  D ADDR   00F6H   A   
CMH0 . . . . . . .  D ADDR   00D3H   A   
CMH1 . . . . . . .  D ADDR   00D5H   A   
CMH2 . . . . . . .  D ADDR   00D7H   A   
CMH3 . . . . . . .  D ADDR   00E3H   A   
CMH4 . . . . . . .  D ADDR   00E5H   A   
CMH5 . . . . . . .  D ADDR   00E7H   A   
CMH6 . . . . . . .  D ADDR   00F3H   A   
CMH7 . . . . . . .  D ADDR   00F5H   A   
CML0 . . . . . . .  D ADDR   00D2H   A   
CML1 . . . . . . .  D ADDR   00D4H   A   
CML2 . . . . . . .  D ADDR   00D6H   A   
CML3 . . . . . . .  D ADDR   00E2H   A   
CML4 . . . . . . .  D ADDR   00E4H   A   
CML5 . . . . . . .  D ADDR   00E6H   A   
CML6 . . . . . . .  D ADDR   00F2H   A   
CML7 . . . . . . .  D ADDR   00F4H   A   
CMSEL. . . . . . .  D ADDR   00F7H   A   
COMCLRH. . . . . .  D ADDR   00A4H   A   
COMCLRL. . . . . .  D ADDR   00A3H   A   
COMSETH. . . . . .  D ADDR   00A2H   A   
COMSETL. . . . . .  D ADDR   00A1H   A   
CRCH . . . . . . .  D ADDR   00CBH   A   
CRCL . . . . . . .  D ADDR   00CAH   A   
CTCON. . . . . . .  D ADDR   00E1H   A   
CTRELH . . . . . .  D ADDR   00DFH   A   
CTRELL . . . . . .  D ADDR   00DEH   A   
CY . . . . . . . .  B ADDR   00D0H.7 A   
DPH. . . . . . . .  D ADDR   0083H   A   
DPL. . . . . . . .  D ADDR   0082H   A   
DPSEL. . . . . . .  D ADDR   0092H   A   
EADC . . . . . . .  B ADDR   00B8H.0 A   
EAL. . . . . . . .  B ADDR   00A8H.7 A   
ENDLOOP. . . . . .  C ADDR   0031H   R   SEG=PROCESSBSEGMENT
ES . . . . . . . .  B ADDR   00A8H.4 A   
A51 MACRO ASSEMBLER  PROC_B                                                               11/11/2018 18:30:02 PAGE     4

ET0. . . . . . . .  B ADDR   00A8H.1 A   
ET1. . . . . . . .  B ADDR   00A8H.3 A   
ET2. . . . . . . .  B ADDR   00A8H.5 A   
EX0. . . . . . . .  B ADDR   00A8H.0 A   
EX1. . . . . . . .  B ADDR   00A8H.2 A   
EX2. . . . . . . .  B ADDR   00B8H.1 A   
EX3. . . . . . . .  B ADDR   00B8H.2 A   
EX4. . . . . . . .  B ADDR   00B8H.3 A   
EX5. . . . . . . .  B ADDR   00B8H.4 A   
EX6. . . . . . . .  B ADDR   00B8H.5 A   
EXEN2. . . . . . .  B ADDR   00B8H.7 A   
EXF2 . . . . . . .  B ADDR   00C0H.7 A   
F0 . . . . . . . .  B ADDR   00D0H.5 A   
F1 . . . . . . . .  B ADDR   00D0H.1 A   
I2FR . . . . . . .  B ADDR   00C8H.5 A   
I3FR . . . . . . .  B ADDR   00C8H.6 A   
IADC . . . . . . .  B ADDR   00C0H.0 A   
IE0. . . . . . . .  B ADDR   0088H.1 A   
IE1. . . . . . . .  B ADDR   0088H.3 A   
IEN0 . . . . . . .  D ADDR   00A8H   A   
IEN1 . . . . . . .  D ADDR   00B8H   A   
IEN2 . . . . . . .  D ADDR   009AH   A   
IEX2 . . . . . . .  B ADDR   00C0H.1 A   
IEX3 . . . . . . .  B ADDR   00C0H.2 A   
IEX4 . . . . . . .  B ADDR   00C0H.3 A   
IEX5 . . . . . . .  B ADDR   00C0H.4 A   
IEX6 . . . . . . .  B ADDR   00C0H.5 A   
INT0 . . . . . . .  B ADDR   00B0H.2 A   
INT1 . . . . . . .  B ADDR   00B0H.3 A   
IP0. . . . . . . .  D ADDR   00A9H   A   
IP1. . . . . . . .  D ADDR   00B9H   A   
IRCON. . . . . . .  D ADDR   00C0H   A   
IRCON1 . . . . . .  D ADDR   00D1H   A   
IT0. . . . . . . .  B ADDR   0088H.0 A   
IT1. . . . . . . .  B ADDR   0088H.2 A   
MD0. . . . . . . .  D ADDR   00E9H   A   
MD1. . . . . . . .  D ADDR   00EAH   A   
MD2. . . . . . . .  D ADDR   00EBH   A   
MD3. . . . . . . .  D ADDR   00ECH   A   
MD4. . . . . . . .  D ADDR   00EDH   A   
MD5. . . . . . . .  D ADDR   00EEH   A   
MX0. . . . . . . .  B ADDR   00D8H.0 A   
MX1. . . . . . . .  B ADDR   00D8H.1 A   
MX2. . . . . . . .  B ADDR   00D8H.2 A   
OV . . . . . . . .  B ADDR   00D0H.2 A   
P. . . . . . . . .  B ADDR   00D0H.0 A   
P0 . . . . . . . .  D ADDR   0080H   A   
P1 . . . . . . . .  D ADDR   0090H   A   
P2 . . . . . . . .  D ADDR   00A0H   A   
P3 . . . . . . . .  D ADDR   00B0H   A   
P4 . . . . . . . .  D ADDR   00E8H   A   
P5 . . . . . . . .  D ADDR   00F8H   A   
P6 . . . . . . . .  D ADDR   00FAH   A   
P7 . . . . . . . .  D ADDR   00DBH   A   
P8 . . . . . . . .  D ADDR   00DDH   A   
PCON . . . . . . .  D ADDR   0087H   A   
PROCESSB . . . . .  C ADDR   0000H   R   SEG=PROCESSBSEGMENT
PROCESSBSEGMENT. .  C SEG    003EH       REL=UNIT
PSW. . . . . . . .  D ADDR   00D0H   A   
RB80 . . . . . . .  B ADDR   0098H.2 A   
RD . . . . . . . .  B ADDR   00B0H.7 A   
REN0 . . . . . . .  B ADDR   0098H.4 A   
RI0. . . . . . . .  B ADDR   0098H.0 A   
RS0. . . . . . . .  B ADDR   00D0H.3 A   
RS1. . . . . . . .  B ADDR   00D0H.4 A   
RXD. . . . . . . .  B ADDR   00B0H.0 A   
A51 MACRO ASSEMBLER  PROC_B                                                               11/11/2018 18:30:02 PAGE     5

S0BUF. . . . . . .  D ADDR   0099H   A   
S0CON. . . . . . .  D ADDR   0098H   A   
S0RELH . . . . . .  D ADDR   00BAH   A   
S0RELL . . . . . .  D ADDR   00AAH   A   
S1BUF. . . . . . .  D ADDR   009CH   A   
S1CON. . . . . . .  D ADDR   009BH   A   
S1RELH . . . . . .  D ADDR   00BBH   A   
S1RELL . . . . . .  D ADDR   009DH   A   
SERIALBLOCKED. . .  N NUMB   0001H   A   
SERIALNOTBLOCKED .  N NUMB   0000H   A   
SETMSK . . . . . .  D ADDR   00A5H   A   
SM0. . . . . . . .  B ADDR   0098H.7 A   
SM1. . . . . . . .  B ADDR   0098H.6 A   
SM20 . . . . . . .  B ADDR   0098H.5 A   
SP . . . . . . . .  D ADDR   0081H   A   
STATUSNOTRUNNING .  N NUMB   0000H   A   
STATUSRUNNING. . .  N NUMB   0002H   A   
STATUSSTARTREQ . .  N NUMB   0001H   A   
SWDT . . . . . . .  B ADDR   00B8H.6 A   
SYSCON . . . . . .  D ADDR   00B1H   A   
T0 . . . . . . . .  B ADDR   00B0H.4 A   
T1 . . . . . . . .  B ADDR   00B0H.5 A   
T2CM . . . . . . .  B ADDR   00C8H.2 A   
T2CON. . . . . . .  D ADDR   00C8H   A   
T2I0 . . . . . . .  B ADDR   00C8H.0 A   
T2I1 . . . . . . .  B ADDR   00C8H.1 A   
T2PS . . . . . . .  B ADDR   00C8H.7 A   
T2R0 . . . . . . .  B ADDR   00C8H.3 A   
T2R1 . . . . . . .  B ADDR   00C8H.4 A   
TB80 . . . . . . .  B ADDR   0098H.3 A   
TCON . . . . . . .  D ADDR   0088H   A   
TF0. . . . . . . .  B ADDR   0088H.5 A   
TF1. . . . . . . .  B ADDR   0088H.7 A   
TF2. . . . . . . .  B ADDR   00C0H.6 A   
TH0. . . . . . . .  D ADDR   008CH   A   
TH1. . . . . . . .  D ADDR   008DH   A   
TH2. . . . . . . .  D ADDR   00CDH   A   
TI0. . . . . . . .  B ADDR   0098H.1 A   
TIHANDLER. . . . .  C ADDR   0039H   R   SEG=PROCESSBSEGMENT
TL0. . . . . . . .  D ADDR   008AH   A   
TL1. . . . . . . .  D ADDR   008BH   A   
TL2. . . . . . . .  D ADDR   00CCH   A   
TMOD . . . . . . .  D ADDR   0089H   A   
TR0. . . . . . . .  B ADDR   0088H.4 A   
TR1. . . . . . . .  B ADDR   0088H.6 A   
TXD. . . . . . . .  B ADDR   00B0H.1 A   
WAITFORSERIAL. . .  C ADDR   0017H   R   SEG=PROCESSBSEGMENT
WAITNEXTSEND . . .  C ADDR   0024H   R   SEG=PROCESSBSEGMENT
WDT. . . . . . . .  B ADDR   00A8H.6 A   
WDTH . . . . . . .  D ADDR   0085H   A   
WDTL . . . . . . .  D ADDR   0084H   A   
WDTREL . . . . . .  D ADDR   0086H   A   
WR . . . . . . . .  B ADDR   00B0H.6 A   
XPAGE. . . . . . .  D ADDR   0091H   A   


REGISTER BANK(S) USED: 0 


ASSEMBLY COMPLETE.  0 WARNING(S), 0 ERROR(S)
